{
  "stats": {
    "suites": 1,
    "tests": 2,
    "passes": 2,
    "pending": 0,
    "failures": 0,
    "start": "2018-01-27T20:11:26.866Z",
    "end": "2018-01-27T20:11:38.666Z",
    "duration": 11800,
    "testsRegistered": 2,
    "passPercent": 100,
    "pendingPercent": 0,
    "other": 0,
    "hasOther": false,
    "skipped": 0,
    "hasSkipped": false,
    "passPercentClass": "success",
    "pendingPercentClass": "danger"
  },
  "suites": {
    "title": "",
    "suites": [
      {
        "title": "Test Details",
        "suites": [],
        "tests": [
          {
            "title": "Test scenario for Internet Explorer @ie",
            "fullTitle": "Test Details: Test scenario for Internet Explorer @ie",
            "timedOut": false,
            "duration": 3665,
            "state": "passed",
            "speed": "slow",
            "pass": true,
            "fail": false,
            "pending": false,
            "code": "async \n  await I.amOnPage('/');\n  await I.wait(2);",
            "err": {},
            "isRoot": false,
            "uuid": "9be622e2-9868-4252-af6f-0259b9cad93e",
            "parentUUID": "32f51817-3c4a-4d56-b5c6-95cef19970c7",
            "isHook": false,
            "skipped": false
          },
          {
            "title": "Test scenario for chrome @chrome",
            "fullTitle": "Test Details: Test scenario for chrome @chrome",
            "timedOut": false,
            "duration": 3782,
            "state": "passed",
            "speed": "slow",
            "pass": true,
            "fail": false,
            "pending": false,
            "code": "async \n  await I.amOnPage('/');\n  await I.wait(2);",
            "err": {},
            "isRoot": false,
            "uuid": "9d0c2b45-9b14-4cec-8cfd-32c9bfedb1f0",
            "parentUUID": "32f51817-3c4a-4d56-b5c6-95cef19970c7",
            "isHook": false,
            "skipped": false
          }
        ],
        "pending": [],
        "root": false,
        "_timeout": 0,
        "file": "/tests/example_test.js",
        "uuid": "32f51817-3c4a-4d56-b5c6-95cef19970c7",
        "beforeHooks": [
          {
            "title": "\"before all\" hook: codeceptjs.beforeSuite",
            "fullTitle": "Test Details \"before all\" hook: codeceptjs.beforeSuite",
            "timedOut": false,
            "duration": 2,
            "pass": false,
            "fail": false,
            "pending": false,
            "code": "scenario.suiteSetup(suite)",
            "err": {},
            "isRoot": false,
            "uuid": "59f7292a-39ea-4f53-aab1-881e9fae1a43",
            "parentUUID": "32f51817-3c4a-4d56-b5c6-95cef19970c7",
            "isHook": true,
            "skipped": false
          },
          {
            "title": "\"before each\" hook: codeceptjs.before",
            "fullTitle": "Test Details \"before each\" hook: codeceptjs.before",
            "timedOut": false,
            "duration": 1918,
            "pass": false,
            "fail": false,
            "pending": false,
            "code": "scenario.setup(suite)",
            "err": {},
            "isRoot": false,
            "uuid": "cd1418ea-075a-490c-8a5c-84572cbec00f",
            "parentUUID": "32f51817-3c4a-4d56-b5c6-95cef19970c7",
            "isHook": true,
            "skipped": false
          }
        ],
        "afterHooks": [
          {
            "title": "\"after all\" hook: codeceptjs.afterSuite",
            "fullTitle": "Test Details \"after all\" hook: codeceptjs.afterSuite",
            "timedOut": false,
            "duration": 1,
            "pass": false,
            "fail": false,
            "pending": false,
            "code": "scenario.suiteTeardown(suite)",
            "err": {},
            "isRoot": false,
            "uuid": "e695e34c-f4ed-40fb-8a3e-36cb88db9719",
            "parentUUID": "32f51817-3c4a-4d56-b5c6-95cef19970c7",
            "isHook": true,
            "skipped": false
          },
          {
            "title": "\"after each\" hook: finalize codeceptjs",
            "fullTitle": "Test Details \"after each\" hook: finalize codeceptjs",
            "timedOut": false,
            "duration": 58,
            "pass": false,
            "fail": false,
            "pending": false,
            "code": "scenario.teardown(suite)",
            "err": {},
            "isRoot": false,
            "uuid": "c76048a9-77b6-4100-8ad5-4b6c7bfa4243",
            "parentUUID": "32f51817-3c4a-4d56-b5c6-95cef19970c7",
            "isHook": true,
            "skipped": false
          }
        ],
        "fullFile": "/Users/reubenmiller/codeceptjs-starter/tests/example_test.js",
        "passes": [
          {
            "title": "Test scenario for Internet Explorer @ie",
            "fullTitle": "Test Details: Test scenario for Internet Explorer @ie",
            "timedOut": false,
            "duration": 3665,
            "state": "passed",
            "speed": "slow",
            "pass": true,
            "fail": false,
            "pending": false,
            "code": "async \n  await I.amOnPage('/');\n  await I.wait(2);",
            "err": {},
            "isRoot": false,
            "uuid": "9be622e2-9868-4252-af6f-0259b9cad93e",
            "parentUUID": "32f51817-3c4a-4d56-b5c6-95cef19970c7",
            "isHook": false,
            "skipped": false
          },
          {
            "title": "Test scenario for chrome @chrome",
            "fullTitle": "Test Details: Test scenario for chrome @chrome",
            "timedOut": false,
            "duration": 3782,
            "state": "passed",
            "speed": "slow",
            "pass": true,
            "fail": false,
            "pending": false,
            "code": "async \n  await I.amOnPage('/');\n  await I.wait(2);",
            "err": {},
            "isRoot": false,
            "uuid": "9d0c2b45-9b14-4cec-8cfd-32c9bfedb1f0",
            "parentUUID": "32f51817-3c4a-4d56-b5c6-95cef19970c7",
            "isHook": false,
            "skipped": false
          }
        ],
        "failures": [],
        "skipped": [],
        "hasBeforeHooks": true,
        "hasAfterHooks": true,
        "hasTests": true,
        "hasSuites": false,
        "totalTests": 2,
        "totalPasses": 2,
        "totalFailures": 0,
        "totalPending": 0,
        "totalSkipped": 0,
        "hasPasses": true,
        "hasFailures": false,
        "hasPending": false,
        "hasSkipped": false,
        "duration": 7447,
        "rootEmpty": false
      }
    ],
    "tests": [],
    "pending": [],
    "root": true,
    "_timeout": 0,
    "uuid": "c08e138c-ff9e-4069-96fb-b423b48c0b3d",
    "beforeHooks": [],
    "afterHooks": [],
    "fullFile": "",
    "file": "",
    "passes": [],
    "failures": [],
    "skipped": [],
    "hasBeforeHooks": false,
    "hasAfterHooks": false,
    "hasTests": false,
    "hasSuites": true,
    "totalTests": 0,
    "totalPasses": 0,
    "totalFailures": 0,
    "totalPending": 0,
    "totalSkipped": 0,
    "hasPasses": false,
    "hasFailures": false,
    "hasPending": false,
    "hasSkipped": false,
    "duration": 0,
    "rootEmpty": true
  },
  "allTests": [
    {
      "title": "Test scenario for Internet Explorer @ie",
      "fullTitle": "Test Details: Test scenario for Internet Explorer @ie",
      "timedOut": false,
      "duration": 3665,
      "state": "passed",
      "speed": "slow",
      "pass": true,
      "fail": false,
      "pending": false,
      "code": "async \n  await I.amOnPage('/');\n  await I.wait(2);",
      "err": {},
      "isRoot": false,
      "uuid": "9be622e2-9868-4252-af6f-0259b9cad93e",
      "parentUUID": "32f51817-3c4a-4d56-b5c6-95cef19970c7",
      "isHook": false,
      "skipped": false
    },
    {
      "title": "Test scenario for chrome @chrome",
      "fullTitle": "Test Details: Test scenario for chrome @chrome",
      "timedOut": false,
      "duration": 3782,
      "state": "passed",
      "speed": "slow",
      "pass": true,
      "fail": false,
      "pending": false,
      "code": "async \n  await I.amOnPage('/');\n  await I.wait(2);",
      "err": {},
      "isRoot": false,
      "uuid": "9d0c2b45-9b14-4cec-8cfd-32c9bfedb1f0",
      "parentUUID": "32f51817-3c4a-4d56-b5c6-95cef19970c7",
      "isHook": false,
      "skipped": false
    }
  ],
  "allPending": [],
  "allPasses": [
    {
      "title": "Test scenario for Internet Explorer @ie",
      "fullTitle": "Test Details: Test scenario for Internet Explorer @ie",
      "timedOut": false,
      "duration": 3665,
      "state": "passed",
      "speed": "slow",
      "pass": true,
      "fail": false,
      "pending": false,
      "code": "async \n  await I.amOnPage('/');\n  await I.wait(2);",
      "err": {},
      "isRoot": false,
      "uuid": "9be622e2-9868-4252-af6f-0259b9cad93e",
      "parentUUID": "32f51817-3c4a-4d56-b5c6-95cef19970c7",
      "isHook": false,
      "skipped": false
    },
    {
      "title": "Test scenario for chrome @chrome",
      "fullTitle": "Test Details: Test scenario for chrome @chrome",
      "timedOut": false,
      "duration": 3782,
      "state": "passed",
      "speed": "slow",
      "pass": true,
      "fail": false,
      "pending": false,
      "code": "async \n  await I.amOnPage('/');\n  await I.wait(2);",
      "err": {},
      "isRoot": false,
      "uuid": "9d0c2b45-9b14-4cec-8cfd-32c9bfedb1f0",
      "parentUUID": "32f51817-3c4a-4d56-b5c6-95cef19970c7",
      "isHook": false,
      "skipped": false
    }
  ],
  "allFailures": [],
  "copyrightYear": 2018
}